Testing IP lookup...
{'city': 'Hanoi', 'country': 'Vietnam', 'latitude': 21.0184, 'longitude': 105.8461}
Lookup took: 1.94 ms
[2025-06-21T04:28:38.861990] Downloading latest GeoLite2 database...
Started GeoLite2 auto-update thread.

Starting Flask API server...
 * Serving Flask app 'app'
 * Debug mode: on
[31m[1mWARNING: This is a development server. Do not use it in a production deployment. Use a production WSGI server instead.[0m
 * Running on all addresses (0.0.0.0)
 * Running on http://127.0.0.1:80
 * Running on http://192.168.1.50:80
[33mPress CTRL+C to quit[0m
 * Restarting with stat
 * Debugger is active!
 * Debugger PIN: 314-045-702
127.0.0.1 - - [21/Jun/2025 11:28:45] "GET /lookup/116.96.47.227 HTTP/1.1" 200 -
 * Detected change in '/Users/nbtrong/Documents/é¸æŠé …ç›®ã‹ã‚‰ä½œæˆã—ãŸãƒ•ã‚©ãƒ«ã‚¿ã‚™/geoip/app.py', reloading
Testing IP lookup...
{'city': 'Hanoi', 'country': 'Vietnam', 'latitude': 21.0184, 'longitude': 105.8461}
Lookup took: 0.39 ms
[2025-06-21T04:28:39.335232] Downloading latest GeoLite2 database...
Started GeoLite2 auto-update thread.

Starting Flask API server...
[2025-06-21T04:28:51.988455] Database updated successfully.
 * Restarting with stat
 * Debugger is active!
 * Debugger PIN: 314-045-702
